<?xml version="1.0" encoding="UTF-8"?>
<!-- Generated by org.testng.reporters.JUnitXMLReporter -->
<testsuite hostname="BDC11-L-90ZDX33" ignored="0" name="edge Test" tests="1" failures="1" timestamp="2022-01-25T06:05:21 IST" time="7.545" errors="0">
  <testcase name="test_account_resgistration" time="0.002" classname="testCases.TC_001_AccountRegistration">
    <failure type="java.lang.AssertionError" message="null">
      <![CDATA[java.lang.AssertionError: null
at testCases.TC_001_AccountRegistration.test_account_resgistration(TC_001_AccountRegistration.java:50)
at java.util.ArrayList.forEach(ArrayList.java:1259)
at java.util.concurrent.FutureTask.run(FutureTask.java:266)
at java.util.concurrent.ThreadPoolExecutor.runWorker(ThreadPoolExecutor.java:1149)
at java.util.concurrent.ThreadPoolExecutor$Worker.run(ThreadPoolExecutor.java:624)
at java.lang.Thread.run(Thread.java:748)
... Removed 20 stack frames]]>
    </failure>
  </testcase> <!-- test_account_resgistration -->
</testsuite> <!-- edge Test -->
