<?xml version="1.0" encoding="UTF-8"?>
<!-- Generated by org.testng.reporters.JUnitXMLReporter -->
<testsuite hostname="BDC11-L-90ZDX33" ignored="1" name="PracticeProjectJan Test" tests="2" failures="2" timestamp="2022-01-29T18:13:30 IST" time="13.17" errors="0">
  <testcase name="test_account_resgistration" time="4.426" classname="testCases.TC_001_AccountRegistration">
    <failure type="java.lang.AssertionError" message="null">
      <![CDATA[java.lang.AssertionError: null
at testCases.TC_001_AccountRegistration.test_account_resgistration(TC_001_AccountRegistration.java:51)
at java.util.ArrayList.forEach(ArrayList.java:1259)
... Removed 29 stack frames]]>
    </failure>
  </testcase> <!-- test_account_resgistration -->
  <testcase name="test_login" time="1.12" classname="testCases.TC_002_Login">
    <failure type="java.lang.AssertionError">
      <![CDATA[java.lang.AssertionError
at org.junit.Assert.fail(Assert.java:86)
at org.junit.Assert.fail(Assert.java:95)
at testCases.TC_002_Login.test_login(TC_002_Login.java:51)
at java.util.ArrayList.forEach(ArrayList.java:1259)
... Removed 27 stack frames]]>
    </failure>
  </testcase> <!-- test_login -->
  <testcase name="test_LoginDDT" time="0.0" classname="testCases.TC_003LoginTestCaseDDT">
    <ignored/>
  </testcase> <!-- test_LoginDDT -->
</testsuite> <!-- PracticeProjectJan Test -->
